2022-10-13 15:03:16,189 [INFO] Activator:177 - 


2022-10-13 15:03:16,191 [INFO] Activator:178 - !SESSION log4j initialized
2022-10-13 15:03:17,615 [ERROR] LogOutputStream:74 - [STDERR_REDIRECT] 
2022-10-13 15:03:21,742 [INFO] McuFinderGlobals:44 - Set McuFinder mode to 2 (CubeIDE integrated)
2022-10-13 15:03:24,623 [INFO] ApplicationProperties:181 - Using Application install path: /Applications/STM32CubeIDE.app/Contents/Eclipse/plugins/com.st.stm32cube.common.mx_6.6.1.202207061420
2022-10-13 15:03:24,668 [INFO] DbMcusXml:77 - Set database path to: /Applications/STM32CubeIDE.app/Contents/Eclipse/plugins/com.st.stm32cube.common.mx_6.6.1.202207061420//db//mcu/
2022-10-13 15:03:24,669 [INFO] ApiDb:269 - Set plugin database path to: /Applications/STM32CubeIDE.app/Contents/Eclipse/plugins/com.st.stm32cube.common.mx_6.6.1.202207061420//db//plugins/boardmanager/
2022-10-13 15:03:24,681 [WARN] ApiDb:254 - Overriding images path with different value:  => /Applications/STM32CubeIDE.app/Contents/Eclipse/plugins/com.st.stm32cube.common.mx_6.6.1.202207061420//db//plugins/mcufinder/images/
2022-10-13 15:03:24,711 [INFO] ApiDb:249 - Set database path to: /Users/nsisong/.stmcufinder/plugins/mcufinder//mcu/
2022-10-13 15:03:24,715 [INFO] DbMcusAds:124 - Set database path to: /Users/nsisong/.stmcufinder/plugins/mcufinder//mcu/
2022-10-13 15:03:54,728 [INFO] CrossReferenceDbSqlite:201 - Set database path to: /Users/nsisong/.stmcufinder/plugins/mcufinder//mcu/cs/
2022-10-13 15:03:54,948 [INFO] RulesReader:61 - Compatibility file has been processed (282 Rules)
2022-10-13 15:03:55,098 [INFO] DbMcusXml:77 - Set database path to: /Applications/STM32CubeIDE.app/Contents/Eclipse/plugins/com.st.stm32cube.common.mx_6.6.1.202207061420//db//mcu/
2022-10-13 15:03:55,098 [INFO] ApiDb:269 - Set plugin database path to: /Applications/STM32CubeIDE.app/Contents/Eclipse/plugins/com.st.stm32cube.common.mx_6.6.1.202207061420//db//plugins/boardmanager/
2022-10-13 15:03:55,099 [INFO] ApiDb:256 - Set plugin images path to: /Applications/STM32CubeIDE.app/Contents/Eclipse/plugins/com.st.stm32cube.common.mx_6.6.1.202207061420//db//plugins/mcufinder/images/
2022-10-13 15:03:55,099 [WARN] DbFile:40 - Overriding database path with different value: /Users/nsisong/.stmcufinder/plugins/mcufinder/ => /Users/nsisong/.stmcufinder/plugins/mcufinder
2022-10-13 15:03:55,099 [INFO] ApiDb:249 - Set database path to: /Users/nsisong/.stmcufinder/plugins/mcufinder//mcu/
2022-10-13 15:03:55,100 [WARN] DbFile:40 - Overriding database path with different value: /Users/nsisong/.stmcufinder/plugins/mcufinder/ => /Users/nsisong/.stmcufinder/plugins/mcufinder
2022-10-13 15:03:55,100 [INFO] DbMcusAds:124 - Set database path to: /Users/nsisong/.stmcufinder/plugins/mcufinder//mcu/
2022-10-13 15:03:55,101 [WARN] DbFile:40 - Overriding database path with different value: /Users/nsisong/.stmcufinder/plugins/mcufinder/ => /Users/nsisong/.stmcufinder/plugins/mcufinder
2022-10-13 15:03:55,102 [WARN] DbFile:40 - Overriding database path with different value: /Users/nsisong/.stmcufinder/plugins/mcufinder/ => /Users/nsisong/.stmcufinder/plugins/mcufinder
2022-10-13 15:03:55,102 [INFO] CrossReferenceDbSqlite:201 - Set database path to: /Users/nsisong/.stmcufinder/plugins/mcufinder//mcu/cs/
2022-10-13 15:03:55,252 [INFO] MainPanel:242 - HeapMemory: 268435456
2022-10-13 15:03:55,461 [INFO] DbMcusXml:77 - Set database path to: /Applications/STM32CubeIDE.app/Contents/Eclipse/plugins/com.st.stm32cube.common.mx_6.6.1.202207061420//db//mcu/
2022-10-13 15:03:55,461 [INFO] ApiDb:269 - Set plugin database path to: /Applications/STM32CubeIDE.app/Contents/Eclipse/plugins/com.st.stm32cube.common.mx_6.6.1.202207061420//db//plugins/boardmanager/
2022-10-13 15:03:55,462 [INFO] ApiDb:256 - Set plugin images path to: /Applications/STM32CubeIDE.app/Contents/Eclipse/plugins/com.st.stm32cube.common.mx_6.6.1.202207061420//db//plugins/mcufinder/images/
2022-10-13 15:03:55,463 [WARN] DbFile:40 - Overriding database path with different value: /Users/nsisong/.stmcufinder/plugins/mcufinder/ => /Users/nsisong/.stmcufinder/plugins/mcufinder
2022-10-13 15:03:55,464 [INFO] ApiDb:249 - Set database path to: /Users/nsisong/.stmcufinder/plugins/mcufinder//mcu/
2022-10-13 15:03:55,464 [WARN] DbFile:40 - Overriding database path with different value: /Users/nsisong/.stmcufinder/plugins/mcufinder/ => /Users/nsisong/.stmcufinder/plugins/mcufinder
2022-10-13 15:03:55,464 [INFO] DbMcusAds:124 - Set database path to: /Users/nsisong/.stmcufinder/plugins/mcufinder//mcu/
2022-10-13 15:03:55,465 [WARN] DbFile:40 - Overriding database path with different value: /Users/nsisong/.stmcufinder/plugins/mcufinder/ => /Users/nsisong/.stmcufinder/plugins/mcufinder
2022-10-13 15:03:55,465 [WARN] DbFile:40 - Overriding database path with different value: /Users/nsisong/.stmcufinder/plugins/mcufinder/ => /Users/nsisong/.stmcufinder/plugins/mcufinder
2022-10-13 15:03:55,465 [INFO] CrossReferenceDbSqlite:201 - Set database path to: /Users/nsisong/.stmcufinder/plugins/mcufinder//mcu/cs/
2022-10-13 15:03:55,507 [INFO] ApplicationProperties:181 - Using Application install path: /Applications/STM32CubeIDE.app/Contents/Eclipse/plugins/com.st.stm32cube.common.mx_6.6.1.202207061420
2022-10-13 15:03:55,510 [INFO] PluginManage:193 - Search for loadable plugins [exclusion list=, ]
2022-10-13 15:03:55,515 [INFO] PluginManage:307 - Check plugin analytics
2022-10-13 15:04:04,832 [INFO] AnalyticsPlugin:262 - Accepted Software Licenses: 
2022-10-13 15:04:04,833 [INFO] AnalyticsPlugin:264 - Accepted CMSIS Pack Licenses: 
2022-10-13 15:04:04,833 [INFO] AnalyticsPlugin:266 - Accepted Firmware Licenses: 
2022-10-13 15:04:04,842 [INFO] PluginManage:356 - Loaded plugin analytics (category:tool,tabindex:-1)
2022-10-13 15:04:04,842 [INFO] PluginManage:307 - Check plugin cadmodel
2022-10-13 15:04:04,850 [INFO] CADModel:65 - Init CAD model plugin
2022-10-13 15:04:04,851 [INFO] PluginManage:356 - Loaded plugin cadmodel (category:power,tabindex:5)
2022-10-13 15:04:04,851 [INFO] PluginManage:307 - Check plugin clock
2022-10-13 15:04:04,869 [INFO] PluginManage:356 - Loaded plugin clock (category:base,tabindex:2)
2022-10-13 15:04:04,870 [INFO] PluginManage:307 - Check plugin ddr
2022-10-13 15:04:04,877 [INFO] PluginManage:356 - Loaded plugin ddr (category:tool,tabindex:6)
2022-10-13 15:04:04,877 [INFO] PluginManage:307 - Check plugin filemanager
2022-10-13 15:04:05,139 [INFO] PluginManage:356 - Loaded plugin filemanager (category:base,tabindex:10)
2022-10-13 15:04:05,140 [INFO] PluginManage:307 - Check plugin ipmanager
2022-10-13 15:04:05,158 [INFO] PluginManage:356 - Loaded plugin ipmanager (category:base,tabindex:5)
2022-10-13 15:04:05,158 [INFO] PluginManage:307 - Check plugin lpbam
2022-10-13 15:04:05,178 [INFO] PluginManage:356 - Loaded plugin lpbam (category:base,tabindex:0)
2022-10-13 15:04:05,178 [INFO] PluginManage:307 - Check plugin pinoutandconfiguration
2022-10-13 15:04:05,198 [INFO] PluginManage:356 - Loaded plugin pinoutandconfiguration (category:base,tabindex:1)
2022-10-13 15:04:05,198 [INFO] PluginManage:307 - Check plugin pinoutconfig
2022-10-13 15:04:05,273 [INFO] PluginManage:356 - Loaded plugin pinoutconfig (category:base,tabindex:0)
2022-10-13 15:04:05,273 [INFO] PluginManage:307 - Check plugin power
2022-10-13 15:04:05,290 [INFO] PluginManage:356 - Loaded plugin power (category:power,tabindex:4)
2022-10-13 15:04:05,290 [INFO] PluginManage:307 - Check plugin projectmanager
2022-10-13 15:04:05,312 [INFO] PluginManage:356 - Loaded plugin projectmanager (category:projectmanager,tabindex:3)
2022-10-13 15:04:05,313 [INFO] PluginManage:307 - Check plugin thirdparty
2022-10-13 15:04:05,552 [INFO] PluginManage:356 - Loaded plugin thirdparty (category:base,tabindex:-1)
2022-10-13 15:04:05,552 [INFO] PluginManage:307 - Check plugin tools
2022-10-13 15:04:05,553 [WARN] IntegrityCheckThread:82 - waiting for thirdparty lock release [integrity check]
2022-10-13 15:04:05,554 [INFO] IntegrityCheckThread:84 - entering critical section [integrity check]
2022-10-13 15:04:05,556 [INFO] PluginManage:356 - Loaded plugin tools (category:base,tabindex:7)
2022-10-13 15:04:05,557 [INFO] PluginManage:307 - Check plugin tutovideos
2022-10-13 15:04:05,559 [INFO] ThirdPartyUpdaterWithRetryManager:70 - Updater plugin not ready yet. [1/15]
2022-10-13 15:04:06,033 [INFO] PluginManage:356 - Loaded plugin tutovideos (category:base,tabindex:-1)
2022-10-13 15:04:06,034 [INFO] PluginManage:307 - Check plugin updater
2022-10-13 15:04:06,061 [INFO] PluginManage:356 - Loaded plugin updater (category:base,tabindex:12)
2022-10-13 15:04:06,063 [INFO] PluginManage:280 - PluginManage : Loaded plugins [15]
2022-10-13 15:04:07,963 [INFO] PinOutPanel:1468 - setPackage(No Configuration,No Configuration)
2022-10-13 15:04:08,077 [INFO] CADModel:98 - CPN selected for project level
2022-10-13 15:04:08,111 [INFO] IPUIPlugin:79 - create IPUIPlugin
2022-10-13 15:04:08,114 [INFO] PluginManager:217 - loadIPPluginJar : add mdma
2022-10-13 15:04:08,128 [INFO] IPUIPlugin:79 - create IPUIPlugin
2022-10-13 15:04:08,128 [INFO] PluginManager:217 - loadIPPluginJar : add freertos
2022-10-13 15:04:08,143 [INFO] IPUIPlugin:79 - create IPUIPlugin
2022-10-13 15:04:08,143 [INFO] PluginManager:217 - loadIPPluginJar : add gic
2022-10-13 15:04:08,168 [INFO] IPUIPlugin:79 - create IPUIPlugin
2022-10-13 15:04:08,168 [INFO] PluginManager:217 - loadIPPluginJar : add adc
2022-10-13 15:04:08,174 [INFO] IPUIPlugin:79 - create IPUIPlugin
2022-10-13 15:04:08,175 [INFO] PluginManager:217 - loadIPPluginJar : add gtzc
2022-10-13 15:04:08,178 [INFO] IPUIPlugin:79 - create IPUIPlugin
2022-10-13 15:04:08,179 [INFO] PluginManager:217 - loadIPPluginJar : add quadspi
2022-10-13 15:04:08,184 [INFO] IPUIPlugin:79 - create IPUIPlugin
2022-10-13 15:04:08,185 [INFO] PluginManager:217 - loadIPPluginJar : add aes
2022-10-13 15:04:08,194 [INFO] IPUIPlugin:79 - create IPUIPlugin
2022-10-13 15:04:08,194 [INFO] PluginManager:217 - loadIPPluginJar : add pdm2pcm
2022-10-13 15:04:08,199 [INFO] IPUIPlugin:79 - create IPUIPlugin
2022-10-13 15:04:08,199 [INFO] PluginManager:217 - loadIPPluginJar : add hash
2022-10-13 15:04:08,204 [INFO] IPUIPlugin:79 - create IPUIPlugin
2022-10-13 15:04:08,204 [INFO] PluginManager:217 - loadIPPluginJar : add tim
2022-10-13 15:04:08,207 [INFO] IPUIPlugin:79 - create IPUIPlugin
2022-10-13 15:04:08,208 [INFO] PluginManager:217 - loadIPPluginJar : add tsc
2022-10-13 15:04:08,211 [INFO] IPUIPlugin:79 - create IPUIPlugin
2022-10-13 15:04:08,212 [INFO] PluginManager:217 - loadIPPluginJar : add ts
2022-10-13 15:04:08,218 [INFO] IPUIPlugin:79 - create IPUIPlugin
2022-10-13 15:04:08,219 [INFO] PluginManager:217 - loadIPPluginJar : add can
2022-10-13 15:04:08,223 [INFO] IPUIPlugin:79 - create IPUIPlugin
2022-10-13 15:04:08,224 [INFO] PluginManager:217 - loadIPPluginJar : add dma3
2022-10-13 15:04:08,230 [INFO] IPUIPlugin:79 - create IPUIPlugin
2022-10-13 15:04:08,230 [INFO] PluginManager:217 - loadIPPluginJar : add dfsdm
2022-10-13 15:04:08,235 [INFO] IPUIPlugin:79 - create IPUIPlugin
2022-10-13 15:04:08,235 [INFO] PluginManager:217 - loadIPPluginJar : add spi
2022-10-13 15:04:08,241 [INFO] IPUIPlugin:79 - create IPUIPlugin
2022-10-13 15:04:08,241 [INFO] PluginManager:217 - loadIPPluginJar : add gfxmmu
2022-10-13 15:04:08,244 [INFO] IPUIPlugin:79 - create IPUIPlugin
2022-10-13 15:04:08,244 [INFO] PluginManager:217 - loadIPPluginJar : add genericplugin
2022-10-13 15:04:08,248 [INFO] IPUIPlugin:79 - create IPUIPlugin
2022-10-13 15:04:08,249 [INFO] PluginManager:217 - loadIPPluginJar : add cryp
2022-10-13 15:04:08,280 [INFO] IPUIPlugin:79 - create IPUIPlugin
2022-10-13 15:04:08,286 [INFO] PluginManager:217 - loadIPPluginJar : add gpio
2022-10-13 15:04:08,289 [INFO] IPUIPlugin:79 - create IPUIPlugin
2022-10-13 15:04:08,289 [INFO] PluginManager:217 - loadIPPluginJar : add comp
2022-10-13 15:04:08,292 [INFO] IPUIPlugin:79 - create IPUIPlugin
2022-10-13 15:04:08,292 [INFO] PluginManager:217 - loadIPPluginJar : add tracer_emb
2022-10-13 15:04:08,298 [INFO] IPUIPlugin:79 - create IPUIPlugin
2022-10-13 15:04:08,299 [INFO] PluginManager:217 - loadIPPluginJar : add openamp
2022-10-13 15:04:08,307 [INFO] IPUIPlugin:79 - create IPUIPlugin
2022-10-13 15:04:08,308 [INFO] PluginManager:217 - loadIPPluginJar : add stm32_wpan
2022-10-13 15:04:08,323 [INFO] IPUIPlugin:79 - create IPUIPlugin
2022-10-13 15:04:08,329 [INFO] PluginManager:217 - loadIPPluginJar : add plateformsettings
2022-10-13 15:04:08,337 [INFO] IPUIPlugin:79 - create IPUIPlugin
2022-10-13 15:04:08,338 [INFO] PluginManager:217 - loadIPPluginJar : add ipddr
2022-10-13 15:04:08,344 [INFO] IPUIPlugin:79 - create IPUIPlugin
2022-10-13 15:04:08,345 [INFO] PluginManager:217 - loadIPPluginJar : add usart
2022-10-13 15:04:08,349 [INFO] IPUIPlugin:79 - create IPUIPlugin
2022-10-13 15:04:08,349 [INFO] PluginManager:217 - loadIPPluginJar : add ltdc
2022-10-13 15:04:08,360 [INFO] IPUIPlugin:79 - create IPUIPlugin
2022-10-13 15:04:08,361 [INFO] PluginManager:217 - loadIPPluginJar : add nvic
2022-10-13 15:04:08,365 [INFO] IPUIPlugin:79 - create IPUIPlugin
2022-10-13 15:04:08,365 [INFO] PluginManager:217 - loadIPPluginJar : add fatfs
2022-10-13 15:04:08,379 [INFO] IPUIPlugin:79 - create IPUIPlugin
2022-10-13 15:04:08,379 [INFO] PluginManager:217 - loadIPPluginJar : add linkedlist
2022-10-13 15:04:08,390 [INFO] IPUIPlugin:79 - create IPUIPlugin
2022-10-13 15:04:08,390 [INFO] PluginManager:217 - loadIPPluginJar : add dma
2022-10-13 15:04:08,398 [INFO] IPUIPlugin:79 - create IPUIPlugin
2022-10-13 15:04:08,399 [INFO] PluginManager:217 - loadIPPluginJar : add fmc
2022-10-13 15:04:08,404 [INFO] IPUIPlugin:79 - create IPUIPlugin
2022-10-13 15:04:08,404 [INFO] PluginManager:217 - loadIPPluginJar : add i2s
2022-10-13 15:04:08,408 [INFO] IPUIPlugin:79 - create IPUIPlugin
2022-10-13 15:04:08,408 [INFO] PluginManager:217 - loadIPPluginJar : add ucpd
2022-10-13 15:04:08,412 [INFO] IPUIPlugin:79 - create IPUIPlugin
2022-10-13 15:04:08,412 [INFO] PluginManager:217 - loadIPPluginJar : add lorawan
2022-10-13 15:04:08,418 [INFO] IPUIPlugin:79 - create IPUIPlugin
2022-10-13 15:04:08,418 [INFO] PluginManager:217 - loadIPPluginJar : add opamp
2022-10-13 15:04:08,425 [INFO] IPUIPlugin:79 - create IPUIPlugin
2022-10-13 15:04:08,425 [INFO] PluginManager:217 - loadIPPluginJar : add touchsensing
2022-10-13 15:04:08,431 [INFO] IPUIPlugin:79 - create IPUIPlugin
2022-10-13 15:04:08,432 [INFO] PluginManager:217 - loadIPPluginJar : add i2c
2022-10-13 15:04:08,439 [INFO] IPUIPlugin:79 - create IPUIPlugin
2022-10-13 15:04:08,439 [INFO] PluginManager:217 - loadIPPluginJar : add resmgrutility
2022-10-13 15:04:08,447 [INFO] IPUIPlugin:79 - create IPUIPlugin
2022-10-13 15:04:08,447 [INFO] PluginManager:217 - loadIPPluginJar : add sai
2022-10-13 15:04:08,454 [INFO] IPUIPlugin:79 - create IPUIPlugin
2022-10-13 15:04:08,454 [INFO] PluginManager:217 - loadIPPluginJar : add usbx
2022-10-13 15:04:08,563 [INFO] ThirdPartyUpdaterWithRetryManager:70 - Updater plugin not ready yet. [2/15]
2022-10-13 15:04:08,846 [FATAL] Updater:301 - Updater called before beeing initialized
2022-10-13 15:04:08,990 [FATAL] Updater:301 - Updater called before beeing initialized
2022-10-13 15:04:09,003 [INFO] DbMcusAds:52 - JSON generation date=Thu Sep 30 07:55:09 WAT 2021 (1632984909247)
2022-10-13 15:04:09,003 [FATAL] Updater:301 - Updater called before beeing initialized
2022-10-13 15:04:09,089 [WARN] DetailPanel:344 - Failed to get advertising image, set to default
2022-10-13 15:04:09,315 [FATAL] Updater:301 - Updater called before beeing initialized
2022-10-13 15:04:09,321 [FATAL] Updater:301 - Updater called before beeing initialized
2022-10-13 15:04:09,321 [FATAL] Updater:301 - Updater called before beeing initialized
2022-10-13 15:04:09,322 [WARN] DetailPanel:344 - Failed to get advertising image, set to default
2022-10-13 15:04:09,323 [FATAL] Updater:301 - Updater called before beeing initialized
2022-10-13 15:04:09,383 [ERROR] Updater:1105 - MainUpdater not yet initialized. External WinMGr cannot be set.
2022-10-13 15:04:09,436 [INFO] Updater:1041 - Updater Version found : 6.6.1
2022-10-13 15:04:09,476 [INFO] ApplicationProperties:181 - Using Application install path: /Applications/STM32CubeIDE.app/Contents/Eclipse/plugins/com.st.stm32cube.common.mx_6.6.1.202207061420
2022-10-13 15:04:11,565 [FATAL] Updater:301 - Updater called before beeing initialized
2022-10-13 15:04:11,566 [ERROR] IntegrityCheckThread:128 - Cannot retrieve database content from updater: error 21
2022-10-13 15:04:11,567 [INFO] ThirdParty:929 - Integrity check success = false
2022-10-13 15:04:11,567 [INFO] IntegrityCheckThread:98 - exiting critical section [integrity check]
2022-10-13 15:04:11,568 [INFO] IntegrityCheckThread:101 - End integrity checks thread
2022-10-13 15:04:26,132 [ERROR] LogOutputStream:74 - [STDERR_REDIRECT] SLF4J: Failed to load class "org.slf4j.impl.StaticLoggerBinder".
2022-10-13 15:04:26,133 [ERROR] LogOutputStream:74 - [STDERR_REDIRECT] SLF4J: Defaulting to no-operation (NOP) logger implementation
2022-10-13 15:04:26,134 [ERROR] LogOutputStream:74 - [STDERR_REDIRECT] SLF4J: See http://www.slf4j.org/codes.html#StaticLoggerBinder for further details.
2022-10-13 15:04:39,660 [ERROR] ServerAccessManage:1147 - Warning during Server Connexion :  Unknown host sw-center.st.com
2022-10-13 15:04:39,671 [INFO] MainUpdater:2768 - connection check result : 22
2022-10-13 15:04:39,672 [INFO] MainUpdater:280 - Updater Check For Update Now.
2022-10-13 15:04:39,673 [INFO] MicroXplorer:481 - Change Database Version : DB.6.0.60
2022-10-13 15:04:39,870 [INFO] CheckServerUpdateThread:119 - End of CheckServer Thread
2022-10-13 15:04:39,888 [INFO] MainUpdater:2768 - connection check result : 22
2022-10-13 15:05:39,919 [ERROR] ServerAccessManage:1147 - Warning during Server Connexion :  Unknown host sw-center.st.com
2022-10-13 15:05:39,923 [INFO] MainUpdater:2768 - connection check result : 22
2022-10-13 15:06:21,315 [ERROR] ServerAccessManage:1147 - Warning during Server Connexion :  Unknown host sw-center.st.com
2022-10-13 15:06:21,316 [INFO] MainUpdater:2768 - connection check result : 22
2022-10-13 15:06:55,841 [INFO] MainUpdater:2768 - connection check result : 10
2022-10-13 15:06:56,230 [INFO] McuFinderGlobals:57 - Set McuFinderConnectedMode to true
2022-10-13 15:06:56,243 [INFO] MultiScanPanel:195 - Auto-refresh data requested => check proxy status ongoing
2022-10-13 15:06:56,250 [INFO] FinderPluginLoader:92 - Searching for filters in installed packs
2022-10-13 15:06:57,806 [INFO] ApiDb:576 - Connected to CubeFinder SQLite database (/Users/nsisong/.stmcufinder/plugins/mcufinder/mcu/cube-finder-db.db)
2022-10-13 15:06:57,934 [INFO] ApiDb:663 - CubeFinder database Data Model version=2.1
2022-10-13 15:06:57,934 [INFO] ApiDb:664 - CubeFinder database Configuration version=3.0.32
2022-10-13 15:06:57,935 [INFO] ApiDb:665 - CubeFinder database generation date=2022-08-05 (1659688109)
2022-10-13 15:06:57,935 [INFO] ApiDb:666 - CubeFinder database FW Pack versions=[STM32Cube_FW_C0_V1.0.0, STM32Cube_FW_F4_V1.27.1, STM32Cube_FW_F7_V1.17.0, STM32Cube_FW_G0_V1.6.1, STM32Cube_FW_G4_V1.5.0, STM32Cube_FW_H7_V1.10.0, STM32Cube_FW_L5_V1.4.0, STM32Cube_FW_U5_V1.1.1, STM32Cube_FW_WB_V1.14.1, STM32Cube_FW_WL_V1.2.0, X-CUBE-ALGOBUILD_V1.3.0, X-CUBE-ALS_V1.0.1, X-CUBE-AZRTOS-F4_V1.1.0, X-CUBE-AZRTOS-F7_V1.1.0, X-CUBE-AZRTOS-G0_V1.1.0, X-CUBE-AZRTOS-G4_V1.0.0, X-CUBE-AZRTOS-H7_V2.1.0, X-CUBE-AZRTOS-L4_V1.0.0, X-CUBE-AZRTOS-L5_V1.0.0, X-CUBE-AZRTOS-WL_V1.0.0, X-CUBE-BLE1_V6.2.3, X-CUBE-BLE2_V3.3.0, X-CUBE-EEPRMA1_V3.1.1, X-CUBE-GNSS1_V6.0.0, X-CUBE-MEMS1_V9.1.0, X-CUBE-MEMS1_V9.3.0, X-CUBE-NFC4_V2.0.4, X-CUBE-NFC7_V1.0.0, X-CUBE-SFXS2LP1_V4.0.0, X-CUBE-SUBG2_V5.0.0]
2022-10-13 15:07:04,597 [INFO] ApiDb:239 - Found 138 in-development CPN: [B-WB1M-WPAN1, NUCLEO-C031C6, STEVAL-STWINBX1, STM320518-EVAL, STM32C0116-DK, STM32C011D6Y3TR, STM32C011D6Y6TR, STM32C011F4P3, STM32C011F4P6, STM32C011F4U3, STM32C011F4U6TR, STM32C011F6P3, STM32C011F6P6, STM32C011F6U3, STM32C011F6U6TR, STM32C011J4M3, STM32C011J4M6, STM32C011J6M3, STM32C011J6M6, STM32C0316-DK, STM32C031C4T3, STM32C031C4T6, STM32C031C4U3, STM32C031C4U6, STM32C031C6T3, STM32C031C6T6, STM32C031C6U3, STM32C031C6U6, STM32C031F4P3, STM32C031F4P6, STM32C031F6P3, STM32C031F6P6, STM32C031G4U3, STM32C031G4U6, STM32C031G6U3, STM32C031G6U6, STM32C031K4T3, STM32C031K4T6, STM32C031K4U3, STM32C031K4U6, STM32C031K6T3, STM32C031K6T6, STM32C031K6U3, STM32C031K6U6, STM32G071K8TXN, STM32G071K8UXN, STM32G081GBU6N, STM32G081KBT6N, STM32G081KBUXN, STM32G0B1CCT6N, STM32G0B1KCT6, STM32G0B1NEY6TR, STM32G0B1RCT6N, STM32G0C1CCT6, STM32G0C1CCT6N, STM32G0C1CCU6N, STM32G0C1CET6N, STM32G0C1CEU6N, STM32G0C1KCT6, STM32G0C1NEY6TR, STM32G0C1RCI6N, STM32G0C1RCT6N, STM32G0C1REI6N, STM32G0C1RET6N, STM32G0C1VCI6, STM32G0C1VEI6, STM32G471CCT6, STM32G471CCU6, STM32G471CET3, STM32G471CET6, STM32G471CEU3, STM32G471CEU6, STM32G471MCT6, STM32G471MET3, STM32G471MET6, STM32G471MEY6TR, STM32G471QCT6, STM32G471QET3, STM32G471RCT6, STM32G471RET3, STM32G471RET6, STM32G471VCH6, STM32G471VCI6, STM32G471VCT6, STM32G471VEH3, STM32G471VEH6, STM32G471VEI3, STM32G471VEI6, STM32G471VET3, STM32G471VET6, STM32G474CCT6, STM32L476VGY6PTR, STM32L4R5QGI6STR, STM32MP131AAE3, STM32MP131AAF3, STM32MP131AAG3, STM32MP131CAE3, STM32MP131CAF3, STM32MP131CAG3, STM32MP131DAE7, STM32MP131DAF7, STM32MP131DAG7, STM32MP131FAE7, STM32MP131FAF7, STM32MP131FAG7, STM32MP133AAE3, STM32MP133AAF3, STM32MP133AAG3, STM32MP133CAE3, STM32MP133CAF3, STM32MP133CAG3, STM32MP133DAE7, STM32MP133DAF7, STM32MP133DAG7, STM32MP133FAE7, STM32MP133FAF7, STM32MP133FAG7, STM32MP135AAE3, STM32MP135AAF3, STM32MP135AAG3, STM32MP135CAE3, STM32MP135CAF3, STM32MP135CAG3, STM32MP135DAE7, STM32MP135DAF7, STM32MP135DAG7, STM32MP135F-DK, STM32MP135FAE7, STM32MP135FAF7, STM32MP135FAG7, STM32U595ZJT6Q, STM32U599BJY6QTR, STM32U599NIH6Q, STM32U599NJH6Q, STM32U5A5ZJT6Q, STM32U5A9BJY6QTR, STM32U5A9NJH6Q, STM32WB1MMCH6]
2022-10-13 15:07:04,616 [INFO] DbMcus:215 - Found 3542 MCUs, 3542 are supported
2022-10-13 15:07:04,623 [INFO] ApiDb:418 - Load user favorites file /Users/nsisong/.stm32cubeide/favorites.mcus.txt: 0 item(s)
2022-10-13 15:07:04,624 [INFO] ApiDb:422 - User favorites MCUs=[]
2022-10-13 15:07:04,624 [INFO] DbMcus:221 - Set 0 / 0 favorites MCUs
2022-10-13 15:07:07,738 [INFO] LoadUrlFilesThread:177 - End of LoadServerUrlFiles without Thread
2022-10-13 15:07:07,841 [INFO] DetailPanel:339 - Set advertising image to /Users/nsisong/STM32Cube/Repository//en.Prom_NBSTM32U50921.jpg
2022-10-13 15:07:09,767 [INFO] MultiScanPanel:778 - Auto Refresh Data is not needed
2022-10-13 15:07:09,780 [INFO] ApiDb:663 - CubeFinder database Data Model version=2.1
2022-10-13 15:07:09,781 [INFO] ApiDb:664 - CubeFinder database Configuration version=3.0.32
2022-10-13 15:07:09,781 [INFO] ApiDb:665 - CubeFinder database generation date=2022-08-05 (1659688109)
2022-10-13 15:07:09,781 [INFO] ApiDb:666 - CubeFinder database FW Pack versions=[STM32Cube_FW_C0_V1.0.0, STM32Cube_FW_F4_V1.27.1, STM32Cube_FW_F7_V1.17.0, STM32Cube_FW_G0_V1.6.1, STM32Cube_FW_G4_V1.5.0, STM32Cube_FW_H7_V1.10.0, STM32Cube_FW_L5_V1.4.0, STM32Cube_FW_U5_V1.1.1, STM32Cube_FW_WB_V1.14.1, STM32Cube_FW_WL_V1.2.0, X-CUBE-ALGOBUILD_V1.3.0, X-CUBE-ALS_V1.0.1, X-CUBE-AZRTOS-F4_V1.1.0, X-CUBE-AZRTOS-F7_V1.1.0, X-CUBE-AZRTOS-G0_V1.1.0, X-CUBE-AZRTOS-G4_V1.0.0, X-CUBE-AZRTOS-H7_V2.1.0, X-CUBE-AZRTOS-L4_V1.0.0, X-CUBE-AZRTOS-L5_V1.0.0, X-CUBE-AZRTOS-WL_V1.0.0, X-CUBE-BLE1_V6.2.3, X-CUBE-BLE2_V3.3.0, X-CUBE-EEPRMA1_V3.1.1, X-CUBE-GNSS1_V6.0.0, X-CUBE-MEMS1_V9.1.0, X-CUBE-MEMS1_V9.3.0, X-CUBE-NFC4_V2.0.4, X-CUBE-NFC7_V1.0.0, X-CUBE-SFXS2LP1_V4.0.0, X-CUBE-SUBG2_V5.0.0]
2022-10-13 15:07:11,642 [INFO] DbBoardsSqlite:227 - include board P-NUCLEO-WB55-NUCLEO as a kit item of type 'Nucleo-64'
2022-10-13 15:07:11,710 [INFO] DbBoardsSqlite:227 - include board P-NUCLEO-WB55-USBDONGLE as a kit item of type 'Nucleo USB Dongle'
2022-10-13 15:07:11,718 [INFO] DbBoardsSqlite:227 - include board STEVAL-IDP005V1 as a kit item of type 'Evaluation Board'
2022-10-13 15:07:11,720 [INFO] DbBoardsSqlite:227 - include board STEVAL-IDP005V2 as a kit item of type 'Evaluation Board'
2022-10-13 15:07:12,101 [INFO] ApiDb:239 - Found 138 in-development CPN: [B-WB1M-WPAN1, NUCLEO-C031C6, STEVAL-STWINBX1, STM320518-EVAL, STM32C0116-DK, STM32C011D6Y3TR, STM32C011D6Y6TR, STM32C011F4P3, STM32C011F4P6, STM32C011F4U3, STM32C011F4U6TR, STM32C011F6P3, STM32C011F6P6, STM32C011F6U3, STM32C011F6U6TR, STM32C011J4M3, STM32C011J4M6, STM32C011J6M3, STM32C011J6M6, STM32C0316-DK, STM32C031C4T3, STM32C031C4T6, STM32C031C4U3, STM32C031C4U6, STM32C031C6T3, STM32C031C6T6, STM32C031C6U3, STM32C031C6U6, STM32C031F4P3, STM32C031F4P6, STM32C031F6P3, STM32C031F6P6, STM32C031G4U3, STM32C031G4U6, STM32C031G6U3, STM32C031G6U6, STM32C031K4T3, STM32C031K4T6, STM32C031K4U3, STM32C031K4U6, STM32C031K6T3, STM32C031K6T6, STM32C031K6U3, STM32C031K6U6, STM32G071K8TXN, STM32G071K8UXN, STM32G081GBU6N, STM32G081KBT6N, STM32G081KBUXN, STM32G0B1CCT6N, STM32G0B1KCT6, STM32G0B1NEY6TR, STM32G0B1RCT6N, STM32G0C1CCT6, STM32G0C1CCT6N, STM32G0C1CCU6N, STM32G0C1CET6N, STM32G0C1CEU6N, STM32G0C1KCT6, STM32G0C1NEY6TR, STM32G0C1RCI6N, STM32G0C1RCT6N, STM32G0C1REI6N, STM32G0C1RET6N, STM32G0C1VCI6, STM32G0C1VEI6, STM32G471CCT6, STM32G471CCU6, STM32G471CET3, STM32G471CET6, STM32G471CEU3, STM32G471CEU6, STM32G471MCT6, STM32G471MET3, STM32G471MET6, STM32G471MEY6TR, STM32G471QCT6, STM32G471QET3, STM32G471RCT6, STM32G471RET3, STM32G471RET6, STM32G471VCH6, STM32G471VCI6, STM32G471VCT6, STM32G471VEH3, STM32G471VEH6, STM32G471VEI3, STM32G471VEI6, STM32G471VET3, STM32G471VET6, STM32G474CCT6, STM32L476VGY6PTR, STM32L4R5QGI6STR, STM32MP131AAE3, STM32MP131AAF3, STM32MP131AAG3, STM32MP131CAE3, STM32MP131CAF3, STM32MP131CAG3, STM32MP131DAE7, STM32MP131DAF7, STM32MP131DAG7, STM32MP131FAE7, STM32MP131FAF7, STM32MP131FAG7, STM32MP133AAE3, STM32MP133AAF3, STM32MP133AAG3, STM32MP133CAE3, STM32MP133CAF3, STM32MP133CAG3, STM32MP133DAE7, STM32MP133DAF7, STM32MP133DAG7, STM32MP133FAE7, STM32MP133FAF7, STM32MP133FAG7, STM32MP135AAE3, STM32MP135AAF3, STM32MP135AAG3, STM32MP135CAE3, STM32MP135CAF3, STM32MP135CAG3, STM32MP135DAE7, STM32MP135DAF7, STM32MP135DAG7, STM32MP135F-DK, STM32MP135FAE7, STM32MP135FAF7, STM32MP135FAG7, STM32U595ZJT6Q, STM32U599BJY6QTR, STM32U599NIH6Q, STM32U599NJH6Q, STM32U5A5ZJT6Q, STM32U5A9BJY6QTR, STM32U5A9NJH6Q, STM32WB1MMCH6]
2022-10-13 15:07:13,223 [INFO] BoardInfo:879 - No configuration file found for board P-NUCLEO-WB55
2022-10-13 15:07:13,226 [INFO] DbBoards:156 - Kit is not supported: P-NUCLEO-WB55
2022-10-13 15:07:13,341 [INFO] BoardInfo:879 - No configuration file found for board STEVAL-BFA001V1B
2022-10-13 15:07:13,341 [INFO] DbBoards:156 - Kit is not supported: STEVAL-BFA001V1B
2022-10-13 15:07:13,346 [INFO] BoardInfo:879 - No configuration file found for board STEVAL-BFA001V2B
2022-10-13 15:07:13,346 [INFO] DbBoards:156 - Kit is not supported: STEVAL-BFA001V2B
2022-10-13 15:07:14,097 [INFO] DbBoards:160 - Found 176 boards, 173 are supported
2022-10-13 15:07:14,108 [INFO] ApiDb:418 - Load user favorites file /Users/nsisong/.stm32cubeide/favorites.boards.txt: 0 item(s)
2022-10-13 15:07:14,108 [INFO] ApiDb:422 - User favorites Boards=[]
2022-10-13 15:07:14,109 [INFO] DbBoards:189 - Set 0 / 0 favorites Boards
2022-10-13 15:07:47,978 [INFO] MetaSearchPanel:323 - Collapse all filters sections
2022-10-13 15:09:47,912 [INFO] MainUpdater:2768 - connection check result : 10
2022-10-13 15:09:47,913 [INFO] MainUpdater:2768 - connection check result : 10
2022-10-13 15:09:48,418 [INFO] MicroXplorer:451 - Change Database Path : 
2022-10-13 15:09:48,418 [INFO] MicroXplorer:481 - Change Database Version : DB.6.0.60
2022-10-13 15:09:48,420 [WARN] ThirdParty:827 - waiting for thirdparty lock release [close project]
2022-10-13 15:09:48,420 [INFO] ThirdParty:829 - entering critical section [close project]
2022-10-13 15:09:48,423 [INFO] ThirdParty:839 - exiting critical section [close project]
2022-10-13 15:09:48,431 [INFO] PinOutPanel:1468 - setPackage(No Configuration,No Configuration)
2022-10-13 15:09:48,441 [INFO] UtilMem:74 - Begin LoadConfig() Used Memory: 141249152 Bytes (387973120)
2022-10-13 15:09:48,444 [INFO] MicroXplorer:451 - Change Database Path : 
2022-10-13 15:09:48,445 [INFO] MicroXplorer:481 - Change Database Version : DB.6.0.60
2022-10-13 15:09:48,445 [INFO] OpenFileManager:307 - Change cursor
2022-10-13 15:09:48,463 [WARN] IntegrityCheckThread:82 - waiting for thirdparty lock release [integrity check]
2022-10-13 15:09:48,463 [INFO] IntegrityCheckThread:84 - entering critical section [integrity check]
2022-10-13 15:09:48,683 [WARN] PackLoader:242 - Cannot read IP mode file for STMicroelectronics.X-CUBE-GNSS1.6.0.0
2022-10-13 15:09:48,748 [WARN] PackLoader:242 - Cannot read IP mode file for STMicroelectronics.X-CUBE-AZRTOS-F4.1.1.0
2022-10-13 15:09:48,798 [WARN] PackLoader:242 - Cannot read IP mode file for STMicroelectronics.X-CUBE-AZRTOS-F7.1.1.0
2022-10-13 15:09:48,815 [WARN] PackLoader:242 - Cannot read IP mode file for STMicroelectronics.X-CUBE-BLE1.6.2.3
2022-10-13 15:09:48,828 [WARN] PackLoader:242 - Cannot read IP mode file for STMicroelectronics.X-CUBE-NFC4.2.0.4
2022-10-13 15:09:48,850 [WARN] PackLoader:242 - Cannot read IP mode file for STMicroelectronics.X-CUBE-TOF1.3.1.0
2022-10-13 15:09:48,870 [WARN] PackLoader:242 - Cannot read IP mode file for wolfSSL.I-CUBE-wolfSSL.5.5.1
2022-10-13 15:09:48,879 [WARN] PackLoader:242 - Cannot read IP mode file for STMicroelectronics.X-CUBE-NFC7.1.0.0
2022-10-13 15:09:48,969 [WARN] PackLoader:242 - Cannot read IP mode file for STMicroelectronics.X-CUBE-MEMS1.9.3.0
2022-10-13 15:09:49,168 [WARN] PackLoader:242 - Cannot read IP mode file for STMicroelectronics.X-CUBE-AI.7.2.0
2022-10-13 15:09:49,176 [WARN] PackLoader:242 - Cannot read IP mode file for STMicroelectronics.X-CUBE-SFXS2LP1.4.0.0
2022-10-13 15:09:49,187 [WARN] PackLoader:242 - Cannot read IP mode file for STMicroelectronics.X-CUBE-BLE2.3.3.0
2022-10-13 15:09:49,205 [WARN] PackLoader:242 - Cannot read IP mode file for STMicroelectronics.X-CUBE-DISPLAY.2.2.0
2022-10-13 15:09:49,216 [WARN] PackLoader:242 - Cannot read IP mode file for STMicroelectronics.X-CUBE-ISPU.1.0.0
2022-10-13 15:09:49,227 [WARN] PackLoader:242 - Cannot read IP mode file for RoweBots.I-CUBE-UNISONRTOS.5.5.0-4
2022-10-13 15:09:49,256 [WARN] PackLoader:242 - Cannot read IP mode file for STMicroelectronics.X-CUBE-AZRTOS-H7.2.1.0
2022-10-13 15:09:49,276 [WARN] PackLoader:242 - Cannot read IP mode file for STMicroelectronics.X-CUBE-BLEMGR.1.0.0
2022-10-13 15:09:49,293 [WARN] PackLoader:242 - Cannot read IP mode file for STMicroelectronics.X-CUBE-ALGOBUILD.1.3.0
2022-10-13 15:09:49,325 [WARN] PackLoader:242 - Cannot read IP mode file for STMicroelectronics.X-CUBE-AZRTOS-G0.1.1.0
2022-10-13 15:09:49,341 [WARN] PackLoader:242 - Cannot read IP mode file for STMicroelectronics.X-CUBE-SUBG2.5.0.0
2022-10-13 15:09:49,462 [WARN] PackLoader:242 - Cannot read IP mode file for SEGGER.I-CUBE-embOS.1.2.1
2022-10-13 15:09:49,511 [WARN] PackLoader:242 - Cannot read IP mode file for STMicroelectronics.FP-ATR-ASTRA1.1.1.1
2022-10-13 15:09:49,536 [WARN] PackLoader:242 - Cannot read IP mode file for STMicroelectronics.X-CUBE-AZRTOS-G4.1.0.0
2022-10-13 15:09:49,567 [WARN] PackLoader:242 - Cannot read IP mode file for STMicroelectronics.X-CUBE-AZRTOS-L4.1.0.0
2022-10-13 15:09:49,580 [WARN] PackLoader:242 - Cannot read IP mode file for emotas.I-CUBE-CANOPEN.1.1.2
2022-10-13 15:09:49,586 [WARN] PackLoader:242 - Cannot read IP mode file for STMicroelectronics.X-CUBE-TOUCHGFX.4.20.0
2022-10-13 15:09:49,603 [WARN] PackLoader:242 - Cannot read IP mode file for STMicroelectronics.X-CUBE-AZRTOS-WL.1.0.0
2022-10-13 15:09:49,612 [WARN] PackLoader:242 - Cannot read IP mode file for portGmbH.I-Cube-SoM-uGOAL.1.1.0
2022-10-13 15:09:49,619 [WARN] PackLoader:242 - Cannot read IP mode file for STMicroelectronics.X-CUBE-ALS.1.0.1
2022-10-13 15:09:49,642 [WARN] PackLoader:242 - Cannot read IP mode file for STMicroelectronics.X-CUBE-AZRTOS-L5.1.0.0
2022-10-13 15:09:49,655 [WARN] PackLoader:242 - Cannot read IP mode file for STMicroelectronics.X-CUBE-EEPRMA1.3.1.1
2022-10-13 15:09:49,658 [INFO] ThirdParty:929 - Integrity check success = true
2022-10-13 15:09:49,659 [INFO] IntegrityCheckThread:98 - exiting critical section [integrity check]
2022-10-13 15:09:49,660 [INFO] IntegrityCheckThread:101 - End integrity checks thread
2022-10-13 15:09:49,767 [INFO] Mcu:1922 - Initializing MCU STM32F446RETx STM32F446RETx 
2022-10-13 15:09:49,768 [INFO] Mcu:1935 - No CPN specified => set CPN to STM32F446RET6
2022-10-13 15:09:54,207 [INFO] Context:654 - Trying to add GPIOservice into a context  which must be forbidden
2022-10-13 15:09:55,236 [INFO] ImportTextPane:193 - (OptionalMessage_ERROR) Unable to find key (Mcu.ThirdPartyNb) in loaded IOC file
2022-10-13 15:09:55,236 [INFO] ImportTextPane:193 - (OptionalMessage_ERROR) Unable to find key (Mcu.PinsNb) in loaded IOC file
2022-10-13 15:09:55,237 [INFO] ImportTextPane:193 - (OptionalMessage_ERROR) Unable to find key (Mcu.IPNb) in loaded IOC file
2022-10-13 15:09:55,403 [WARN] ApiManager:308 - Cannot register API 'Board Extension:GNSS1A1' from pack STMicroelectronics.X-CUBE-GNSS1.6.0.0: no header file found
2022-10-13 15:09:55,403 [WARN] ApiManager:308 - Cannot register API 'Board Support:Custom' from pack STMicroelectronics.X-CUBE-GNSS1.6.0.0: no header file found
2022-10-13 15:09:55,403 [WARN] ApiManager:308 - Cannot register API 'Data Exchange:lib_gnss' from pack STMicroelectronics.X-CUBE-GNSS1.6.0.0: no header file found
2022-10-13 15:09:55,432 [WARN] ApiManager:308 - Cannot register API 'Wireless:BlueNRG-MS' from pack STMicroelectronics.X-CUBE-BLE1.6.2.3: no header file found
2022-10-13 15:09:55,437 [INFO] RtosManager:488 - Registered RTOS mode: class=CMSIS, group=RTOS, mode=CMSIS_V1, owner=FREERTOS
2022-10-13 15:09:55,438 [INFO] RtosManager:488 - Registered RTOS mode: class=CMSIS, group=RTOS2, mode=CMSIS_V2, owner=FREERTOS
2022-10-13 15:09:55,438 [INFO] RtosManager:488 - Registered RTOS mode: class=RTOS, group=Core, mode=CMSIS_V1, owner=FREERTOS
2022-10-13 15:09:55,438 [INFO] RtosManager:488 - Registered RTOS mode: class=RTOS, group=Core, mode=CMSIS_V2, owner=FREERTOS
2022-10-13 15:09:55,438 [WARN] ModelIntegratedComponent:185 - Missing modes for component STMicroelectronics:FreeRTOS:0.0.1:STMicroelectronics:RTOS:FreeRTOS:Core:::10.2.0:
2022-10-13 15:09:55,450 [WARN] ApiManager:308 - Cannot register API 'Board Extension:S2868A1' from pack STMicroelectronics.X-CUBE-SUBG2.5.0.0: no header file found
2022-10-13 15:09:55,450 [WARN] ApiManager:308 - Cannot register API 'Board Extension:S2868A2' from pack STMicroelectronics.X-CUBE-SUBG2.5.0.0: no header file found
2022-10-13 15:09:55,450 [WARN] ApiManager:308 - Cannot register API 'Board Extension:S2915A1' from pack STMicroelectronics.X-CUBE-SUBG2.5.0.0: no header file found
2022-10-13 15:09:55,462 [WARN] ApiManager:308 - Cannot register API 'Board Extension:NFC04A1' from pack STMicroelectronics.X-CUBE-NFC4.2.0.4: no header file found
2022-10-13 15:09:55,482 [WARN] ModelIntegratedComponent:64 - No mode defined for component null
2022-10-13 15:09:55,482 [WARN] ModelIntegratedComponent:64 - No mode defined for component null
2022-10-13 15:09:55,482 [WARN] ModelIntegratedComponent:64 - No mode defined for component null
2022-10-13 15:09:55,482 [WARN] ModelIntegratedComponent:64 - No mode defined for component null
2022-10-13 15:09:55,483 [WARN] ModelIntegratedComponent:64 - No mode defined for component null
2022-10-13 15:09:55,483 [WARN] ModelIntegratedComponent:64 - No mode defined for component null
2022-10-13 15:09:55,483 [WARN] ModelIntegratedComponent:64 - No mode defined for component null
2022-10-13 15:09:55,483 [WARN] ModelIntegratedComponent:64 - No mode defined for component null
2022-10-13 15:09:55,483 [WARN] ModelIntegratedComponent:64 - No mode defined for component null
2022-10-13 15:09:55,483 [WARN] ModelIntegratedComponent:64 - No mode defined for component null
2022-10-13 15:09:55,483 [WARN] ModelIntegratedComponent:64 - No mode defined for component null
2022-10-13 15:09:55,483 [WARN] ModelIntegratedComponent:64 - No mode defined for component null
2022-10-13 15:09:55,484 [WARN] ModelIntegratedComponent:64 - No mode defined for component null
2022-10-13 15:09:55,484 [WARN] ModelIntegratedComponent:64 - No mode defined for component null
2022-10-13 15:09:55,484 [WARN] ModelIntegratedComponent:64 - No mode defined for component null
2022-10-13 15:09:55,484 [WARN] ModelIntegratedComponent:64 - No mode defined for component null
2022-10-13 15:09:55,484 [WARN] ModelIntegratedComponent:64 - No mode defined for component null
2022-10-13 15:09:55,484 [WARN] ModelIntegratedComponent:64 - No mode defined for component null
2022-10-13 15:09:55,484 [WARN] ModelIntegratedComponent:64 - No mode defined for component null
2022-10-13 15:09:55,484 [WARN] ModelIntegratedComponent:64 - No mode defined for component null
2022-10-13 15:09:55,484 [WARN] ModelIntegratedComponent:64 - No mode defined for component null
2022-10-13 15:09:55,484 [WARN] ModelIntegratedComponent:64 - No mode defined for component null
2022-10-13 15:09:55,484 [WARN] ModelIntegratedComponent:64 - No mode defined for component null
2022-10-13 15:09:55,484 [WARN] ModelIntegratedComponent:64 - No mode defined for component null
2022-10-13 15:09:55,485 [WARN] ModelIntegratedComponent:64 - No mode defined for component null
2022-10-13 15:09:55,485 [WARN] ModelIntegratedComponent:64 - No mode defined for component null
2022-10-13 15:09:55,485 [WARN] ModelIntegratedComponent:64 - No mode defined for component null
2022-10-13 15:09:55,485 [WARN] ModelIntegratedComponent:64 - No mode defined for component null
2022-10-13 15:09:55,485 [WARN] ModelIntegratedComponent:64 - No mode defined for component null
2022-10-13 15:09:55,485 [WARN] ModelIntegratedComponent:64 - No mode defined for component null
2022-10-13 15:09:55,485 [WARN] ModelIntegratedComponent:64 - No mode defined for component null
2022-10-13 15:09:55,485 [WARN] ModelIntegratedComponent:64 - No mode defined for component null
2022-10-13 15:09:55,485 [WARN] ModelIntegratedComponent:64 - No mode defined for component null
2022-10-13 15:09:55,487 [WARN] ApiManager:308 - Cannot register API 'Board Extension:NFC07A1' from pack STMicroelectronics.X-CUBE-NFC7.1.0.0: no header file found
2022-10-13 15:09:55,720 [WARN] ApiManager:308 - Cannot register API 'Board Extension:IKS01A3' from pack STMicroelectronics.X-CUBE-MEMS1.9.3.0: no header file found
2022-10-13 15:09:55,720 [WARN] ApiManager:308 - Cannot register API 'Board Extension:IKS01A2' from pack STMicroelectronics.X-CUBE-MEMS1.9.3.0: no header file found
2022-10-13 15:09:55,720 [WARN] ApiManager:308 - Cannot register API 'Board Extension:IKS02A1' from pack STMicroelectronics.X-CUBE-MEMS1.9.3.0: no header file found
2022-10-13 15:09:55,734 [WARN] ApiManager:308 - Cannot register API 'Board Extension:EEPRMA1' from pack STMicroelectronics.X-CUBE-EEPRMA1.3.1.1: no header file found
2022-10-13 15:09:55,734 [WARN] ApiManager:308 - Cannot register API 'Board Extension:EEPRMA2' from pack STMicroelectronics.X-CUBE-EEPRMA1.3.1.1: no header file found
2022-10-13 15:09:55,736 [WARN] ApiManager:308 - Cannot register API 'Board Extension:S2868A1' from pack STMicroelectronics.X-CUBE-SFXS2LP1.4.0.0: no header file found
2022-10-13 15:09:55,736 [WARN] ApiManager:308 - Cannot register API 'Board Extension:S2868A2' from pack STMicroelectronics.X-CUBE-SFXS2LP1.4.0.0: no header file found
2022-10-13 15:09:55,736 [WARN] ApiManager:308 - Cannot register API 'Board Extension:S2915A1' from pack STMicroelectronics.X-CUBE-SFXS2LP1.4.0.0: no header file found
2022-10-13 15:09:55,737 [WARN] ApiManager:308 - Cannot register API 'Wireless:BlueNRG-2' from pack STMicroelectronics.X-CUBE-BLE2.3.3.0: no header file found
2022-10-13 15:09:55,752 [INFO] ThirdPartyModel:289 - Start build external matchings
2022-10-13 15:09:56,654 [INFO] ThirdPartyModel:302 - End build external matchings
2022-10-13 15:09:57,111 [INFO] UtilMem:74 - End LoadConfig() Used Memory: 224021592 Bytes (387973120)
2022-10-13 15:09:57,145 [WARN] ThirdParty:789 - waiting for thirdparty lock release [change project]
2022-10-13 15:09:57,145 [INFO] ThirdParty:791 - entering critical section [change project]
2022-10-13 15:09:57,147 [INFO] ThirdParty:981 - CMSIS Pack Vendor :RoweBots I-CUBE-UNISONRTOS 5.5.0-4
2022-10-13 15:09:57,147 [INFO] ThirdParty:981 - CMSIS Pack Vendor :STMicroelectronics X-CUBE-GNSS1 6.0.0
2022-10-13 15:09:57,147 [INFO] ThirdParty:981 - CMSIS Pack Vendor :STMicroelectronics X-CUBE-AZRTOS-H7 2.1.0
2022-10-13 15:09:57,147 [INFO] ThirdParty:981 - CMSIS Pack Vendor :STMicroelectronics USB_HOST 2.0.0
2022-10-13 15:09:57,147 [INFO] ThirdParty:981 - CMSIS Pack Vendor :STMicroelectronics X-CUBE-AZRTOS-F4 1.1.0
2022-10-13 15:09:57,147 [INFO] ThirdParty:981 - CMSIS Pack Vendor :STMicroelectronics LIBJPEG 8.0.0
2022-10-13 15:09:57,148 [INFO] ThirdParty:981 - CMSIS Pack Vendor :STMicroelectronics USB_DEVICE 3.0.0
2022-10-13 15:09:57,148 [INFO] ThirdParty:981 - CMSIS Pack Vendor :STMicroelectronics X-CUBE-BLEMGR 1.0.0
2022-10-13 15:09:57,148 [INFO] ThirdParty:981 - CMSIS Pack Vendor :STMicroelectronics X-CUBE-AZRTOS-F7 1.1.0
2022-10-13 15:09:57,148 [INFO] ThirdParty:981 - CMSIS Pack Vendor :STMicroelectronics USB_DEVICE 2.0.0
2022-10-13 15:09:57,148 [INFO] ThirdParty:981 - CMSIS Pack Vendor :STMicroelectronics X-CUBE-BLE1 6.2.3
2022-10-13 15:09:57,150 [INFO] ThirdParty:981 - CMSIS Pack Vendor :STMicroelectronics X-CUBE-ALGOBUILD 1.3.0
2022-10-13 15:09:57,150 [INFO] ThirdParty:981 - CMSIS Pack Vendor :STMicroelectronics FreeRTOS 0.0.1
2022-10-13 15:09:57,150 [INFO] ThirdParty:981 - CMSIS Pack Vendor :STMicroelectronics X-CUBE-AZRTOS-G0 1.1.0
2022-10-13 15:09:57,151 [INFO] ThirdParty:981 - CMSIS Pack Vendor :STMicroelectronics X-CUBE-SUBG2 5.0.0
2022-10-13 15:09:57,151 [INFO] ThirdParty:981 - CMSIS Pack Vendor :STMicroelectronics STM32_WPAN 1.0.0
2022-10-13 15:09:57,151 [INFO] ThirdParty:981 - CMSIS Pack Vendor :SEGGER I-CUBE-embOS 1.2.1
2022-10-13 15:09:57,151 [INFO] ThirdParty:981 - CMSIS Pack Vendor :STMicroelectronics lwIP 2.0.3
2022-10-13 15:09:57,151 [INFO] ThirdParty:981 - CMSIS Pack Vendor :STMicroelectronics X-CUBE-NFC4 2.0.4
2022-10-13 15:09:57,151 [INFO] ThirdParty:981 - CMSIS Pack Vendor :STMicroelectronics USB_HOST 1.0.0
2022-10-13 15:09:57,151 [INFO] ThirdParty:981 - CMSIS Pack Vendor :STMicroelectronics PDM2PCM 3.1.0
2022-10-13 15:09:57,151 [INFO] ThirdParty:981 - CMSIS Pack Vendor :STMicroelectronics FP-ATR-ASTRA1 1.1.1
2022-10-13 15:09:57,152 [INFO] ThirdParty:981 - CMSIS Pack Vendor :STMicroelectronics PDM2PCM 3.3.0
2022-10-13 15:09:57,152 [INFO] ThirdParty:981 - CMSIS Pack Vendor :STMicroelectronics X-CUBE-TOF1 3.1.0
2022-10-13 15:09:57,152 [INFO] ThirdParty:981 - CMSIS Pack Vendor :STMicroelectronics X-CUBE-AZRTOS-G4 1.0.0
2022-10-13 15:09:57,152 [INFO] ThirdParty:981 - CMSIS Pack Vendor :STMicroelectronics X-CUBE-AZRTOS-L4 1.0.0
2022-10-13 15:09:57,152 [INFO] ThirdParty:981 - CMSIS Pack Vendor :wolfSSL I-CUBE-wolfSSL 5.5.1
2022-10-13 15:09:57,152 [INFO] ThirdParty:981 - CMSIS Pack Vendor :STMicroelectronics HAL Drivers 0.0.0
2022-10-13 15:09:57,152 [INFO] ThirdParty:981 - CMSIS Pack Vendor :STMicroelectronics MBEDTLS 2.16.2
2022-10-13 15:09:57,152 [INFO] ThirdParty:981 - CMSIS Pack Vendor :emotas I-CUBE-CANOPEN 1.1.2
2022-10-13 15:09:57,152 [INFO] ThirdParty:981 - CMSIS Pack Vendor :STMicroelectronics X-CUBE-TOUCHGFX 4.20.0
2022-10-13 15:09:57,152 [INFO] ThirdParty:981 - CMSIS Pack Vendor :STMicroelectronics MBEDTLS 2.14.1
2022-10-13 15:09:57,153 [INFO] ThirdParty:981 - CMSIS Pack Vendor :STMicroelectronics X-CUBE-NFC7 1.0.0
2022-10-13 15:09:57,153 [INFO] ThirdParty:981 - CMSIS Pack Vendor :STMicroelectronics X-CUBE-AZRTOS-WL 1.0.0
2022-10-13 15:09:57,153 [INFO] ThirdParty:981 - CMSIS Pack Vendor :STMicroelectronics X-CUBE-MEMS1 9.3.0
2022-10-13 15:09:57,153 [INFO] ThirdParty:981 - CMSIS Pack Vendor :portGmbH I-Cube-SoM-uGOAL 1.1.0
2022-10-13 15:09:57,153 [INFO] ThirdParty:981 - CMSIS Pack Vendor :STMicroelectronics X-CUBE-ALS 1.0.1
2022-10-13 15:09:57,153 [INFO] ThirdParty:981 - CMSIS Pack Vendor :STMicroelectronics X-CUBE-AI 7.2.0
2022-10-13 15:09:57,153 [INFO] ThirdParty:981 - CMSIS Pack Vendor :STMicroelectronics ThreadX 1.0.0
2022-10-13 15:09:57,153 [INFO] ThirdParty:981 - CMSIS Pack Vendor :STMicroelectronics X-CUBE-AZRTOS-L5 1.0.0
2022-10-13 15:09:57,154 [INFO] ThirdParty:981 - CMSIS Pack Vendor :STMicroelectronics USB_DEVICE 1.0.0
2022-10-13 15:09:57,154 [INFO] ThirdParty:981 - CMSIS Pack Vendor :STMicroelectronics X-CUBE-EEPRMA1 3.1.1
2022-10-13 15:09:57,154 [INFO] ThirdParty:981 - CMSIS Pack Vendor :STMicroelectronics ThreadX 0.0.2
2022-10-13 15:09:57,154 [INFO] ThirdParty:981 - CMSIS Pack Vendor :STMicroelectronics lwIP 2.1.2
2022-10-13 15:09:57,154 [INFO] ThirdParty:981 - CMSIS Pack Vendor :STMicroelectronics X-CUBE-SFXS2LP1 4.0.0
2022-10-13 15:09:57,154 [INFO] ThirdParty:981 - CMSIS Pack Vendor :STMicroelectronics X-CUBE-BLE2 3.3.0
2022-10-13 15:09:57,154 [INFO] ThirdParty:981 - CMSIS Pack Vendor :STMicroelectronics X-CUBE-DISPLAY 2.2.0
2022-10-13 15:09:57,155 [INFO] ThirdParty:981 - CMSIS Pack Vendor :STMicroelectronics PDM2PCM 3.2.0
2022-10-13 15:09:57,155 [INFO] ThirdParty:981 - CMSIS Pack Vendor :STMicroelectronics X-CUBE-ISPU 1.0.0
2022-10-13 15:09:57,155 [INFO] ThirdParty:797 - exiting critical section [change project]
2022-10-13 15:09:57,999 [INFO] PinOutPanel:1468 - setPackage(No Configuration,No Configuration)
2022-10-13 15:09:58,001 [INFO] PinOutPanel:1468 - setPackage(STM32F446RETx,LQFP64)
2022-10-13 15:09:59,505 [INFO] UtilMem:74 - Before build in PCC Used Memory: 208626536 Bytes (387973120)
2022-10-13 15:10:01,001 [INFO] UtilMem:74 - After build in PCC Used Memory: 213980160 Bytes (387973120)
2022-10-13 15:10:01,091 [INFO] IPUIPlugin:79 - create IPUIPlugin
2022-10-13 15:10:01,092 [INFO] IPUIPlugin:79 - create IPUIPlugin
2022-10-13 15:10:01,093 [INFO] IPUIPlugin:79 - create IPUIPlugin
2022-10-13 15:10:01,093 [INFO] IPUIPlugin:79 - create IPUIPlugin
2022-10-13 15:10:01,094 [INFO] IPUIPlugin:79 - create IPUIPlugin
2022-10-13 15:10:01,098 [INFO] IPUIPlugin:79 - create IPUIPlugin
2022-10-13 15:10:01,098 [INFO] IPUIPlugin:79 - create IPUIPlugin
2022-10-13 15:10:01,098 [INFO] IPUIPlugin:79 - create IPUIPlugin
2022-10-13 15:10:01,099 [INFO] IPUIPlugin:79 - create IPUIPlugin
2022-10-13 15:10:01,099 [INFO] IPUIPlugin:79 - create IPUIPlugin
2022-10-13 15:10:01,100 [INFO] IPUIPlugin:79 - create IPUIPlugin
2022-10-13 15:10:01,100 [INFO] IPUIPlugin:79 - create IPUIPlugin
2022-10-13 15:10:01,101 [INFO] IPUIPlugin:79 - create IPUIPlugin
2022-10-13 15:10:01,102 [INFO] IPUIPlugin:79 - create IPUIPlugin
2022-10-13 15:10:01,102 [INFO] IPUIPlugin:79 - create IPUIPlugin
2022-10-13 15:10:01,103 [INFO] IPUIPlugin:79 - create IPUIPlugin
2022-10-13 15:10:01,103 [INFO] IPUIPlugin:79 - create IPUIPlugin
2022-10-13 15:10:01,104 [INFO] IPUIPlugin:79 - create IPUIPlugin
2022-10-13 15:10:01,104 [INFO] IPUIPlugin:79 - create IPUIPlugin
2022-10-13 15:10:01,105 [INFO] IPUIPlugin:79 - create IPUIPlugin
2022-10-13 15:10:01,106 [INFO] IPUIPlugin:79 - create IPUIPlugin
2022-10-13 15:10:01,106 [INFO] IPUIPlugin:79 - create IPUIPlugin
2022-10-13 15:10:01,107 [INFO] IPUIPlugin:79 - create IPUIPlugin
2022-10-13 15:10:01,108 [INFO] IPUIPlugin:79 - create IPUIPlugin
2022-10-13 15:10:01,108 [INFO] IPUIPlugin:79 - create IPUIPlugin
2022-10-13 15:10:01,108 [INFO] IPUIPlugin:79 - create IPUIPlugin
2022-10-13 15:10:01,109 [INFO] IPUIPlugin:79 - create IPUIPlugin
2022-10-13 15:10:01,110 [INFO] IPUIPlugin:79 - create IPUIPlugin
2022-10-13 15:10:01,113 [INFO] IPUIPlugin:79 - create IPUIPlugin
2022-10-13 15:10:01,113 [INFO] IPUIPlugin:79 - create IPUIPlugin
2022-10-13 15:10:01,114 [INFO] IPUIPlugin:79 - create IPUIPlugin
2022-10-13 15:10:01,114 [INFO] IPUIPlugin:79 - create IPUIPlugin
2022-10-13 15:10:01,114 [INFO] IPUIPlugin:79 - create IPUIPlugin
2022-10-13 15:10:01,115 [INFO] IPUIPlugin:79 - create IPUIPlugin
2022-10-13 15:10:01,115 [INFO] IPUIPlugin:79 - create IPUIPlugin
2022-10-13 15:10:01,115 [INFO] IPUIPlugin:79 - create IPUIPlugin
2022-10-13 15:10:01,116 [INFO] IPUIPlugin:79 - create IPUIPlugin
2022-10-13 15:10:01,116 [INFO] IPUIPlugin:79 - create IPUIPlugin
2022-10-13 15:10:01,116 [INFO] IPUIPlugin:79 - create IPUIPlugin
2022-10-13 15:10:01,117 [INFO] IPUIPlugin:79 - create IPUIPlugin
2022-10-13 15:10:01,117 [INFO] IPUIPlugin:79 - create IPUIPlugin
2022-10-13 15:10:01,117 [INFO] IPUIPlugin:79 - create IPUIPlugin
2022-10-13 15:10:01,118 [INFO] IPUIPlugin:79 - create IPUIPlugin
2022-10-13 15:10:01,119 [INFO] IPUIPlugin:79 - create IPUIPlugin
2022-10-13 15:10:01,120 [INFO] IPUIPlugin:79 - create IPUIPlugin
2022-10-13 15:10:01,120 [INFO] IPUIPlugin:79 - create IPUIPlugin
2022-10-13 15:10:01,120 [INFO] IPUIPlugin:79 - create IPUIPlugin
2022-10-13 15:10:01,120 [INFO] IPUIPlugin:79 - create IPUIPlugin
2022-10-13 15:10:01,121 [INFO] IPUIPlugin:79 - create IPUIPlugin
2022-10-13 15:10:01,121 [INFO] IPUIPlugin:79 - create IPUIPlugin
2022-10-13 15:10:01,122 [INFO] IPUIPlugin:79 - create IPUIPlugin
2022-10-13 15:10:01,123 [INFO] IPUIPlugin:79 - create IPUIPlugin
2022-10-13 15:10:01,124 [INFO] IPUIPlugin:79 - create IPUIPlugin
2022-10-13 15:10:01,124 [INFO] IPUIPlugin:79 - create IPUIPlugin
2022-10-13 15:10:01,125 [INFO] IPUIPlugin:79 - create IPUIPlugin
2022-10-13 15:10:01,126 [INFO] IPUIPlugin:79 - create IPUIPlugin
2022-10-13 15:10:01,128 [INFO] IPUIPlugin:79 - create IPUIPlugin
2022-10-13 15:10:01,130 [INFO] IPUIPlugin:79 - create IPUIPlugin
2022-10-13 15:10:01,131 [INFO] IPUIPlugin:79 - create IPUIPlugin
2022-10-13 15:10:01,132 [INFO] IPUIPlugin:79 - create IPUIPlugin
2022-10-13 15:10:01,256 [INFO] ApiDbMcu:505 - Load IP Config File for PDM2PCM
2022-10-13 15:10:01,665 [INFO] OpenFileManager:327 - Restore cursor
2022-10-13 15:10:02,619 [INFO] UtilMem:74 - End SaveConfig() Used Memory: 237930312 Bytes (387973120)
2022-10-13 15:10:05,917 [INFO] ServerAccessManage:474 - Download File stm32cube_fw_f4_v1270.zip
2022-10-13 15:28:56,327 [INFO] AnalyticsPlugin:358 - Accepted License(s) without tracking enabled: [FW.F4.1.27.0]
2022-10-13 15:28:56,331 [INFO] FileExtend:239 - Unzip File : stm32cube_fw_f4_v1270.zip
2022-10-13 15:28:56,332 [INFO] FileExtend:254 - Standard Zip Deflate
2022-10-13 15:29:41,327 [INFO] ServerAccessManage:474 - Download File stm32cube_fw_f4_v1271.zip
2022-10-13 15:33:20,259 [INFO] FileExtend:239 - Unzip File : stm32cube_fw_f4_v1271.zip
2022-10-13 15:33:20,265 [INFO] FileExtend:254 - Standard Zip Deflate
2022-10-13 15:33:22,952 [INFO] LoadServerPackagesThread:190 - End of LoadServerPackages Thread
2022-10-13 15:33:23,144 [INFO] ThirdPartyModel:289 - Start build external matchings
2022-10-13 15:33:23,157 [INFO] UtilMem:74 - End SaveConfig() Used Memory: 200954336 Bytes (1073741824)
2022-10-13 15:33:24,263 [INFO] BlockDiagram:2753 - set Specific Code input for plugin: RCC
2022-10-13 15:33:24,263 [INFO] BlockDiagram:2753 - set Specific Code input for plugin: NVIC
2022-10-13 15:33:24,265 [INFO] CodeGenerator:690 - code generatio: config db path: /Applications/STM32CubeIDE.app/Contents/Eclipse/plugins/com.st.stm32cube.common.mx_6.6.1.202207061420//db/
2022-10-13 15:33:24,399 [INFO] ThirdPartyModel:302 - End build external matchings
2022-10-13 15:33:24,413 [INFO] CheckServerUpdateThread:119 - End of CheckServer Thread
2022-10-13 15:33:25,071 [INFO] CodeEngine:245 - oldGeneratedFile, /Users/nsisong/Documents/STM32_CAN_Bus/STM32_CAN_Bus/MXTmpFiles/license.tmp_save
2022-10-13 15:33:25,862 [INFO] CodeEngine:269 - Generated code: /Users/nsisong/Documents/STM32_CAN_Bus/STM32_CAN_Bus/MXTmpFiles/license.tmp
2022-10-13 15:33:25,895 [INFO] CodeEngine:245 - oldGeneratedFile, /Users/nsisong/Documents/STM32_CAN_Bus/STM32_CAN_Bus/Core/Src/stm32f4xx_it.c_save
2022-10-13 15:33:26,149 [INFO] CodeEngine:269 - Generated code: /Users/nsisong/Documents/STM32_CAN_Bus/STM32_CAN_Bus/Core/Src/stm32f4xx_it.c
2022-10-13 15:33:26,155 [INFO] CodeEngine:245 - oldGeneratedFile, /Users/nsisong/Documents/STM32_CAN_Bus/STM32_CAN_Bus/Core/Inc/stm32f4xx_it.h_save
2022-10-13 15:33:26,311 [INFO] CodeEngine:269 - Generated code: /Users/nsisong/Documents/STM32_CAN_Bus/STM32_CAN_Bus/Core/Inc/stm32f4xx_it.h
2022-10-13 15:33:26,431 [INFO] CodeEngine:245 - oldGeneratedFile, /Users/nsisong/Documents/STM32_CAN_Bus/STM32_CAN_Bus/Core/Src/stm32f4xx_hal_msp.c_save
2022-10-13 15:33:26,619 [INFO] CodeEngine:269 - Generated code: /Users/nsisong/Documents/STM32_CAN_Bus/STM32_CAN_Bus/Core/Src/stm32f4xx_hal_msp.c
2022-10-13 15:33:26,623 [INFO] CodeEngine:245 - oldGeneratedFile, /Users/nsisong/Documents/STM32_CAN_Bus/STM32_CAN_Bus/MXTmpFiles/system.tmp_save
2022-10-13 15:33:26,759 [INFO] CodeEngine:269 - Generated code: /Users/nsisong/Documents/STM32_CAN_Bus/STM32_CAN_Bus/MXTmpFiles/system.tmp
2022-10-13 15:33:26,770 [INFO] CodeEngine:245 - oldGeneratedFile, /Users/nsisong/Documents/STM32_CAN_Bus/STM32_CAN_Bus/Core/Inc/stm32f4xx_hal_conf.h_save
2022-10-13 15:33:26,926 [INFO] CodeEngine:269 - Generated code: /Users/nsisong/Documents/STM32_CAN_Bus/STM32_CAN_Bus/Core/Inc/stm32f4xx_hal_conf.h
2022-10-13 15:33:27,024 [WARN] IPConfigManager:2910 - Warning: the RefConfig PLL2P_FOR_MCO is not available in your config.xml file
2022-10-13 15:33:27,047 [INFO] CodeEngine:245 - oldGeneratedFile, /Users/nsisong/Documents/STM32_CAN_Bus/STM32_CAN_Bus/Core/Inc/main.h_save
2022-10-13 15:33:27,214 [INFO] CodeEngine:269 - Generated code: /Users/nsisong/Documents/STM32_CAN_Bus/STM32_CAN_Bus/Core/Inc/main.h
2022-10-13 15:33:27,219 [INFO] CodeEngine:245 - oldGeneratedFile, /Users/nsisong/Documents/STM32_CAN_Bus/STM32_CAN_Bus/Core/Src/main.c_save
2022-10-13 15:33:27,409 [INFO] CodeEngine:269 - Generated code: /Users/nsisong/Documents/STM32_CAN_Bus/STM32_CAN_Bus/Core/Src/main.c
2022-10-13 15:33:28,765 [INFO] ProjectBuilder:2919 - Time for Copy HAL[1] : 188mS.
2022-10-13 15:33:28,790 [INFO] ProjectBuilder:4117 - Project Generator version: 3.17.1
2022-10-13 15:33:29,514 [INFO] ConfigFileManager:1394 - The Die is : DIE421
2022-10-13 15:33:29,548 [INFO] ApiDbMcu:505 - Load IP Config File for FATFS
2022-10-13 15:33:29,604 [INFO] ApiDbMcu:505 - Load IP Config File for FREERTOS
2022-10-13 15:33:29,613 [INFO] ApiDbMcu:505 - Load IP Config File for LIBJPEG
2022-10-13 15:33:30,068 [INFO] ApiDbMcu:505 - Load IP Config File for MBEDTLS
2022-10-13 15:33:30,289 [INFO] ApiDbMcu:505 - Load IP Config File for USB_DEVICE
2022-10-13 15:33:30,344 [INFO] ApiDbMcu:505 - Load IP Config File for USB_HOST
2022-10-13 15:33:38,759 [INFO] ProjectBuilder:4285 - Time for Generating toolchain IDE Files: 9968mS.
2022-10-13 15:33:38,762 [INFO] ProjectBuilder:2790 - Time for Copy CMSIS : 1mS.
2022-10-13 15:33:38,765 [INFO] ProjectBuilder:2790 - Time for Copy CMSIS : 0mS.
2022-10-13 15:33:39,111 [INFO] McuFinderGlobals:57 - Set McuFinderConnectedMode to true
2022-10-13 15:33:39,122 [INFO] ApiDb:443 - Save user favorites file /Users/nsisong/.stm32cubeide/favorites.mcus.txt: 0 item(s)
2022-10-13 15:33:39,122 [INFO] ApiDb:447 - User favorites MCUs=[]
2022-10-13 15:48:31,295 [INFO] Can:70 - Can Add PropertyChangeListener com.st.microxplorer.plugins.ip.can.Can@48781b56
2022-10-13 15:48:49,291 [INFO] NvicIntPanel:100 - NVIC parent = com.st.microxplorer.plugins.ip.nvic.MultiNvicIntPanel[,0,0,450x290,layout=javax.swing.BoxLayout,alignmentX=0.0,alignmentY=0.0,border=,flags=9,maximumSize=,minimumSize=,preferredSize=]
2022-10-13 15:49:53,528 [INFO] NvicIntPanel:100 - NVIC parent = com.st.microxplorer.plugins.ip.nvic.MultiNvicIntPanel[,0,0,0x0,invalid,layout=javax.swing.BoxLayout,alignmentX=0.0,alignmentY=0.0,border=,flags=9,maximumSize=,minimumSize=,preferredSize=]
2022-10-13 15:49:53,725 [INFO] NvicIntPanel:100 - NVIC parent = com.st.microxplorer.plugins.ip.nvic.MultiNvicIntPanel[,0,0,0x0,invalid,layout=javax.swing.BoxLayout,alignmentX=0.0,alignmentY=0.0,border=,flags=9,maximumSize=,minimumSize=,preferredSize=]
2022-10-13 15:49:58,845 [INFO] NvicIntPanel:100 - NVIC parent = com.st.microxplorer.plugins.ip.nvic.MultiNvicIntPanel[,0,0,0x0,invalid,layout=javax.swing.BoxLayout,alignmentX=0.0,alignmentY=0.0,border=,flags=9,maximumSize=,minimumSize=,preferredSize=]
2022-10-13 15:49:59,265 [INFO] NvicIntPanel:100 - NVIC parent = com.st.microxplorer.plugins.ip.nvic.MultiNvicIntPanel[,0,0,0x0,invalid,layout=javax.swing.BoxLayout,alignmentX=0.0,alignmentY=0.0,border=,flags=9,maximumSize=,minimumSize=,preferredSize=]
2022-10-13 15:50:05,936 [INFO] NvicIntPanel:100 - NVIC parent = com.st.microxplorer.plugins.ip.nvic.MultiNvicIntPanel[,0,0,0x0,invalid,layout=javax.swing.BoxLayout,alignmentX=0.0,alignmentY=0.0,border=,flags=9,maximumSize=,minimumSize=,preferredSize=]
2022-10-13 15:50:06,044 [INFO] NvicIntPanel:100 - NVIC parent = com.st.microxplorer.plugins.ip.nvic.MultiNvicIntPanel[,0,0,0x0,invalid,layout=javax.swing.BoxLayout,alignmentX=0.0,alignmentY=0.0,border=,flags=9,maximumSize=,minimumSize=,preferredSize=]
2022-10-13 15:50:30,050 [INFO] NvicIntPanel:100 - NVIC parent = com.st.microxplorer.plugins.ip.nvic.MultiNvicIntPanel[,0,0,0x0,invalid,layout=javax.swing.BoxLayout,alignmentX=0.0,alignmentY=0.0,border=,flags=9,maximumSize=,minimumSize=,preferredSize=]
2022-10-13 15:50:32,652 [INFO] NvicIntPanel:100 - NVIC parent = com.st.microxplorer.plugins.ip.nvic.MultiNvicIntPanel[,0,0,0x0,invalid,layout=javax.swing.BoxLayout,alignmentX=0.0,alignmentY=0.0,border=,flags=9,maximumSize=,minimumSize=,preferredSize=]
2022-10-13 15:50:34,968 [INFO] NvicIntPanel:100 - NVIC parent = com.st.microxplorer.plugins.ip.nvic.MultiNvicIntPanel[,0,0,0x0,invalid,layout=javax.swing.BoxLayout,alignmentX=0.0,alignmentY=0.0,border=,flags=9,maximumSize=,minimumSize=,preferredSize=]
2022-10-13 15:51:04,978 [INFO] NvicIntPanel:100 - NVIC parent = com.st.microxplorer.plugins.ip.nvic.MultiNvicIntPanel[,0,0,0x0,invalid,layout=javax.swing.BoxLayout,alignmentX=0.0,alignmentY=0.0,border=,flags=9,maximumSize=,minimumSize=,preferredSize=]
2022-10-13 15:51:24,585 [INFO] NvicIntPanel:100 - NVIC parent = com.st.microxplorer.plugins.ip.nvic.MultiNvicIntPanel[,0,0,0x0,invalid,layout=javax.swing.BoxLayout,alignmentX=0.0,alignmentY=0.0,border=,flags=9,maximumSize=,minimumSize=,preferredSize=]
2022-10-13 15:51:47,090 [INFO] UtilMem:74 - End SaveConfig() Used Memory: 431247600 Bytes (563085312)
2022-10-13 15:51:49,949 [INFO] UtilMem:74 - End SaveConfig() Used Memory: 456300184 Bytes (563085312)
2022-10-13 15:51:57,641 [INFO] UtilMem:74 - End SaveConfig() Used Memory: 331975656 Bytes (563085312)
2022-10-13 15:51:58,635 [INFO] BlockDiagram:2753 - set Specific Code input for plugin: CAN
2022-10-13 15:51:58,636 [INFO] BlockDiagram:2753 - set Specific Code input for plugin: RCC
2022-10-13 15:51:58,636 [INFO] BlockDiagram:2753 - set Specific Code input for plugin: NVIC
2022-10-13 15:51:58,636 [INFO] BlockDiagram:2753 - set Specific Code input for plugin: GPIO
2022-10-13 15:51:58,637 [INFO] CodeGenerator:690 - code generatio: config db path: /Applications/STM32CubeIDE.app/Contents/Eclipse/plugins/com.st.stm32cube.common.mx_6.6.1.202207061420//db/
2022-10-13 15:51:59,810 [INFO] CodeEngine:245 - oldGeneratedFile, /Users/nsisong/Documents/STM32_CAN_Bus/STM32_CAN_Bus/MXTmpFiles/license.tmp_save
2022-10-13 15:52:00,575 [INFO] CodeEngine:269 - Generated code: /Users/nsisong/Documents/STM32_CAN_Bus/STM32_CAN_Bus/MXTmpFiles/license.tmp
2022-10-13 15:52:01,232 [INFO] CodeEngine:245 - oldGeneratedFile, /Users/nsisong/Documents/STM32_CAN_Bus/STM32_CAN_Bus/MXTmpFiles/gpio.tmp_save
2022-10-13 15:52:02,168 [INFO] CodeEngine:269 - Generated code: /Users/nsisong/Documents/STM32_CAN_Bus/STM32_CAN_Bus/MXTmpFiles/gpio.tmp
2022-10-13 15:52:02,472 [INFO] CodeEngine:245 - oldGeneratedFile, /Users/nsisong/Documents/STM32_CAN_Bus/STM32_CAN_Bus/Core/Src/stm32f4xx_it.c_save
2022-10-13 15:52:03,117 [INFO] CodeEngine:269 - Generated code: /Users/nsisong/Documents/STM32_CAN_Bus/STM32_CAN_Bus/Core/Src/stm32f4xx_it.c
2022-10-13 15:52:03,123 [INFO] CodeEngine:245 - oldGeneratedFile, /Users/nsisong/Documents/STM32_CAN_Bus/STM32_CAN_Bus/Core/Inc/stm32f4xx_it.h_save
2022-10-13 15:52:03,524 [INFO] CodeEngine:269 - Generated code: /Users/nsisong/Documents/STM32_CAN_Bus/STM32_CAN_Bus/Core/Inc/stm32f4xx_it.h
2022-10-13 15:52:03,619 [INFO] CodeEngine:245 - oldGeneratedFile, /Users/nsisong/Documents/STM32_CAN_Bus/STM32_CAN_Bus/Core/Src/stm32f4xx_hal_msp.c_save
2022-10-13 15:52:04,037 [INFO] CodeEngine:269 - Generated code: /Users/nsisong/Documents/STM32_CAN_Bus/STM32_CAN_Bus/Core/Src/stm32f4xx_hal_msp.c
2022-10-13 15:52:04,054 [INFO] CodeEngine:245 - oldGeneratedFile, /Users/nsisong/Documents/STM32_CAN_Bus/STM32_CAN_Bus/MXTmpFiles/system.tmp_save
2022-10-13 15:52:04,339 [INFO] CodeEngine:269 - Generated code: /Users/nsisong/Documents/STM32_CAN_Bus/STM32_CAN_Bus/MXTmpFiles/system.tmp
2022-10-13 15:52:04,362 [INFO] CodeEngine:245 - oldGeneratedFile, /Users/nsisong/Documents/STM32_CAN_Bus/STM32_CAN_Bus/Core/Inc/stm32f4xx_hal_conf.h_save
2022-10-13 15:52:05,294 [INFO] CodeEngine:269 - Generated code: /Users/nsisong/Documents/STM32_CAN_Bus/STM32_CAN_Bus/Core/Inc/stm32f4xx_hal_conf.h
2022-10-13 15:52:05,695 [WARN] IPConfigManager:2910 - Warning: the RefConfig PLL2P_FOR_MCO is not available in your config.xml file
2022-10-13 15:52:05,805 [INFO] CodeEngine:245 - oldGeneratedFile, /Users/nsisong/Documents/STM32_CAN_Bus/STM32_CAN_Bus/Core/Inc/main.h_save
2022-10-13 15:52:06,623 [INFO] CodeEngine:269 - Generated code: /Users/nsisong/Documents/STM32_CAN_Bus/STM32_CAN_Bus/Core/Inc/main.h
2022-10-13 15:52:06,638 [INFO] CodeEngine:245 - oldGeneratedFile, /Users/nsisong/Documents/STM32_CAN_Bus/STM32_CAN_Bus/Core/Src/main.c_save
2022-10-13 15:52:07,200 [INFO] CodeEngine:269 - Generated code: /Users/nsisong/Documents/STM32_CAN_Bus/STM32_CAN_Bus/Core/Src/main.c
2022-10-13 15:52:13,568 [INFO] ProjectBuilder:2919 - Time for Copy HAL[1] : 1567mS.
2022-10-13 15:52:13,575 [INFO] ProjectBuilder:4117 - Project Generator version: 3.17.1
2022-10-13 15:52:16,292 [INFO] ConfigFileManager:1394 - The Die is : DIE421
2022-10-13 15:52:27,285 [INFO] ProjectBuilder:4285 - Time for Generating toolchain IDE Files: 13710mS.
2022-10-13 15:52:27,304 [INFO] ProjectBuilder:2790 - Time for Copy CMSIS : 18mS.
2022-10-13 15:52:27,306 [INFO] ProjectBuilder:2790 - Time for Copy CMSIS : 0mS.
